XPrivacy-master/app/build/outputs/logs/manifest-merger-debug-report.txt
-- Merging decision tree log ---
manifest
ADDED from src\main\AndroidManifest.xml:1:1-209:12
	package
		ADDED from src\main\AndroidManifest.xml:2:5-36
		INJECTED from src\main\AndroidManifest.xml
		INJECTED from src\main\AndroidManifest.xml
	android:versionName
		ADDED from src\main\AndroidManifest.xml:5:5-33
		INJECTED from src\main\AndroidManifest.xml
		INJECTED from src\main\AndroidManifest.xml
	android:versionCode
		ADDED from src\main\AndroidManifest.xml:4:5-30
		INJECTED from src\main\AndroidManifest.xml
		INJECTED from src\main\AndroidManifest.xml
	xmlns:android
		ADDED from src\main\AndroidManifest.xml:1:11-69
	android:installLocation
		ADDED from src\main\AndroidManifest.xml:3:5-43
uses-sdk
ADDED from src\main\AndroidManifest.xml:7:5-9:41
MERGED from [com.android.support:cardview-v7:26.0.0-alpha1] AndroidManifest.xml:20:5-44
MERGED from [com.android.support:appcompat-v7:23.0.0] AndroidManifest.xml:20:5-43
MERGED from [com.android.support:support-v4:23.0.0] AndroidManifest.xml:20:5-43
	android:targetSdkVersion
		ADDED from src\main\AndroidManifest.xml:9:9-38
		INJECTED from src\main\AndroidManifest.xml
		INJECTED from src\main\AndroidManifest.xml
	android:minSdkVersion
		ADDED from src\main\AndroidManifest.xml:8:9-35
		INJECTED from src\main\AndroidManifest.xml
		INJECTED from src\main\AndroidManifest.xml
permission-tree#biz.bokhorst.xprivacy
ADDED from src\main\AndroidManifest.xml:11:5-14:48
	android:icon
		ADDED from src\main\AndroidManifest.xml:14:9-45
	android:description
		ADDED from src\main\AndroidManifest.xml:13:9-47
	android:name
		ADDED from src\main\AndroidManifest.xml:12:9-45
permission#biz.bokhorst.xprivacy.MANAGE_PACKAGES
ADDED from src\main\AndroidManifest.xml:16:5-20:47
	android:label
		ADDED from src\main\AndroidManifest.xml:19:9-50
	android:protectionLevel
		ADDED from src\main\AndroidManifest.xml:20:9-44
	android:description
		ADDED from src\main\AndroidManifest.xml:18:9-56
	android:name
		ADDED from src\main\AndroidManifest.xml:17:9-61
permission#biz.bokhorst.xprivacy.MANAGE_XPRIVACY
ADDED from src\main\AndroidManifest.xml:21:5-25:47
	android:label
		ADDED from src\main\AndroidManifest.xml:24:9-56
	android:protectionLevel
		ADDED from src\main\AndroidManifest.xml:25:9-44
	android:description
		ADDED from src\main\AndroidManifest.xml:23:9-62
	android:name
		ADDED from src\main\AndroidManifest.xml:22:9-61
uses-permission#android.permission.INTERNET
ADDED from src\main\AndroidManifest.xml:27:5-67
	android:name
		ADDED from src\main\AndroidManifest.xml:27:22-64
uses-permission#android.permission.READ_EXTERNAL_STORAGE
ADDED from src\main\AndroidManifest.xml:28:5-80
	android:name
		ADDED from src\main\AndroidManifest.xml:28:22-77
uses-permission#android.permission.WRITE_EXTERNAL_STORAGE
ADDED from src\main\AndroidManifest.xml:29:5-81
	android:name
		ADDED from src\main\AndroidManifest.xml:29:22-78
uses-permission#android.permission.GET_ACCOUNTS
ADDED from src\main\AndroidManifest.xml:30:5-71
	android:name
		ADDED from src\main\AndroidManifest.xml:30:22-68
uses-permission#android.permission.READ_CONTACTS
ADDED from src\main\AndroidManifest.xml:31:5-72
	android:name
		ADDED from src\main\AndroidManifest.xml:31:22-69
uses-permission#android.permission.RECEIVE_BOOT_COMPLETED
ADDED from src\main\AndroidManifest.xml:32:5-81
	android:name
		ADDED from src\main\AndroidManifest.xml:32:22-78
uses-permission#android.permission.WAKE_LOCK
ADDED from src\main\AndroidManifest.xml:33:5-68
	android:name
		ADDED from src\main\AndroidManifest.xml:33:22-65
uses-permission#biz.bokhorst.xprivacy.MANAGE_PACKAGES
ADDED from src\main\AndroidManifest.xml:34:5-77
	android:name
		ADDED from src\main\AndroidManifest.xml:34:22-74
uses-permission#biz.bokhorst.xprivacy.MANAGE_XPRIVACY
ADDED from src\main\AndroidManifest.xml:35:5-77
	android:name
		ADDED from src\main\AndroidManifest.xml:35:22-74
uses-permission#biz.bokhorst.xprivacy.pro.CHECK
ADDED from src\main\AndroidManifest.xml:36:5-71
	android:name
		ADDED from src\main\AndroidManifest.xml:36:22-68
supports-screens
ADDED from src\main\AndroidManifest.xml:38:5-44:40
	android:largeScreens
		ADDED from src\main\AndroidManifest.xml:40:9-36
	android:smallScreens
		ADDED from src\main\AndroidManifest.xml:43:9-36
	android:normalScreens
		ADDED from src\main\AndroidManifest.xml:41:9-37
	android:xlargeScreens
		ADDED from src\main\AndroidManifest.xml:44:9-37
	android:resizeable
		ADDED from src\main\AndroidManifest.xml:42:9-34
	android:anyDensity
		ADDED from src\main\AndroidManifest.xml:39:9-34
application
ADDED from src\main\AndroidManifest.xml:46:5-207:19
MERGED from [com.android.support:cardview-v7:26.0.0-alpha1] AndroidManifest.xml:26:5-20
MERGED from [com.android.support:appcompat-v7:23.0.0] AndroidManifest.xml:22:5-20
MERGED from [com.android.support:support-v4:23.0.0] AndroidManifest.xml:22:5-20
	android:label
		ADDED from src\main\AndroidManifest.xml:50:9-41
	android:allowBackup
		ADDED from src\main\AndroidManifest.xml:48:9-36
	android:icon
		ADDED from src\main\AndroidManifest.xml:49:9-45
	android:theme
		ADDED from src\main\AndroidManifest.xml:51:9-49
	android:name
		ADDED from src\main\AndroidManifest.xml:47:9-37
meta-data#xposedmodule
ADDED from src\main\AndroidManifest.xml:54:9-56:36
	android:value
		ADDED from src\main\AndroidManifest.xml:56:13-33
	android:name
		ADDED from src\main\AndroidManifest.xml:55:13-40
meta-data#xposedminversion
ADDED from src\main\AndroidManifest.xml:57:9-59:34
	android:value
		ADDED from src\main\AndroidManifest.xml:59:13-31
	android:name
		ADDED from src\main\AndroidManifest.xml:58:13-44
meta-data#xposeddescription
ADDED from src\main\AndroidManifest.xml:60:9-62:55
	android:value
		ADDED from src\main\AndroidManifest.xml:62:13-52
	android:name
		ADDED from src\main\AndroidManifest.xml:61:13-45
meta-data#com.sec.android.support.multiwindow
ADDED from src\main\AndroidManifest.xml:65:9-67:36
	android:value
		ADDED from src\main\AndroidManifest.xml:67:13-33
	android:name
		ADDED from src\main\AndroidManifest.xml:66:13-63
meta-data#com.sec.android.multiwindow.DEFAULT_SIZE_W
ADDED from src\main\AndroidManifest.xml:68:9-70:59
	android:resource
		ADDED from src\main\AndroidManifest.xml:70:13-56
	android:name
		ADDED from src\main\AndroidManifest.xml:69:13-70
meta-data#com.sec.android.multiwindow.DEFAULT_SIZE_H
ADDED from src\main\AndroidManifest.xml:71:9-73:59
	android:resource
		ADDED from src\main\AndroidManifest.xml:73:13-56
	android:name
		ADDED from src\main\AndroidManifest.xml:72:13-70
meta-data#com.sec.android.multiwindow.MINIMUM_SIZE_W
ADDED from src\main\AndroidManifest.xml:74:9-76:59
	android:resource
		ADDED from src\main\AndroidManifest.xml:76:13-56
	android:name
		ADDED from src\main\AndroidManifest.xml:75:13-70
meta-data#com.sec.android.multiwindow.MINIMUM_SIZE_H
ADDED from src\main\AndroidManifest.xml:77:9-79:59
	android:resource
		ADDED from src\main\AndroidManifest.xml:79:13-56
	android:name
		ADDED from src\main\AndroidManifest.xml:78:13-70
activity#biz.bokhorst.xprivacy.ActivityMain
ADDED from src\main\AndroidManifest.xml:81:9-103:20
	android:label
		ADDED from src\main\AndroidManifest.xml:84:13-45
	android:launchMode
		ADDED from src\main\AndroidManifest.xml:85:13-43
	android:configChanges
		ADDED from src\main\AndroidManifest.xml:83:13-74
	android:name
		ADDED from src\main\AndroidManifest.xml:82:13-41
intent-filter#android.intent.action.MAIN+android.intent.category.LAUNCHER+android.intent.category.LEANBACK_LAUNCHER+android.intent.category.MULTIWINDOW_LAUNCHER
ADDED from src\main\AndroidManifest.xml:86:13-92:29
action#android.intent.action.MAIN
ADDED from src\main\AndroidManifest.xml:87:17-69
	android:name
		ADDED from src\main\AndroidManifest.xml:87:25-66
category#android.intent.category.LAUNCHER
ADDED from src\main\AndroidManifest.xml:89:17-77
	android:name
		ADDED from src\main\AndroidManifest.xml:89:27-74
category#android.intent.category.MULTIWINDOW_LAUNCHER
ADDED from src\main\AndroidManifest.xml:90:17-89
	android:name
		ADDED from src\main\AndroidManifest.xml:90:27-86
category#android.intent.category.LEANBACK_LAUNCHER
ADDED from src\main\AndroidManifest.xml:91:17-86
	android:name
		ADDED from src\main\AndroidManifest.xml:91:27-83
intent-filter#android.intent.action.VIEW+android.intent.category.DEFAULT
ADDED from src\main\AndroidManifest.xml:93:13-102:29
action#android.intent.action.VIEW
ADDED from src\main\AndroidManifest.xml:94:17-69
	android:name
		ADDED from src\main\AndroidManifest.xml:94:25-66
category#android.intent.category.DEFAULT
ADDED from src\main\AndroidManifest.xml:96:17-76
	android:name
		ADDED from src\main\AndroidManifest.xml:96:27-73
data
ADDED from src\main\AndroidManifest.xml:98:17-47
	android:scheme
		ADDED from src\main\AndroidManifest.xml:98:23-44
activity#biz.bokhorst.xprivacy.ActivityApp
ADDED from src\main\AndroidManifest.xml:104:9-118:20
	android:parentActivityName
		ADDED from src\main\AndroidManifest.xml:108:13-55
	android:launchMode
		ADDED from src\main\AndroidManifest.xml:107:13-43
	android:configChanges
		ADDED from src\main\AndroidManifest.xml:106:13-74
	android:name
		ADDED from src\main\AndroidManifest.xml:105:13-40
meta-data#android.support.PARENT_ACTIVITY
ADDED from src\main\AndroidManifest.xml:109:13-111:70
	android:value
		ADDED from src\main\AndroidManifest.xml:111:17-67
	android:name
		ADDED from src\main\AndroidManifest.xml:110:17-63
intent-filter#android.intent.category.DEFAULT+biz.bokhorst.xprivacy.action.APPLICATION
ADDED from src\main\AndroidManifest.xml:113:13-117:29
action#biz.bokhorst.xprivacy.action.APPLICATION
ADDED from src\main\AndroidManifest.xml:114:17-83
	android:name
		ADDED from src\main\AndroidManifest.xml:114:25-80
activity#biz.bokhorst.xprivacy.ActivitySettings
ADDED from src\main\AndroidManifest.xml:119:9-134:20
	android:parentActivityName
		ADDED from src\main\AndroidManifest.xml:123:13-55
	android:launchMode
		ADDED from src\main\AndroidManifest.xml:122:13-43
	android:windowSoftInputMode
		ADDED from src\main\AndroidManifest.xml:124:13-54
	android:configChanges
		ADDED from src\main\AndroidManifest.xml:121:13-74
	android:name
		ADDED from src\main\AndroidManifest.xml:120:13-45
intent-filter#android.intent.category.DEFAULT+biz.bokhorst.xprivacy.action.SETTINGS
ADDED from src\main\AndroidManifest.xml:129:13-133:29
action#biz.bokhorst.xprivacy.action.SETTINGS
ADDED from src\main\AndroidManifest.xml:130:17-80
	android:name
		ADDED from src\main\AndroidManifest.xml:130:25-77
activity#biz.bokhorst.xprivacy.ActivityUsage
ADDED from src\main\AndroidManifest.xml:135:9-148:20
	android:parentActivityName
		ADDED from src\main\AndroidManifest.xml:138:13-55
	android:configChanges
		ADDED from src\main\AndroidManifest.xml:137:13-74
	android:name
		ADDED from src\main\AndroidManifest.xml:136:13-42
intent-filter#android.intent.category.DEFAULT+biz.bokhorst.xprivacy.action.USAGE
ADDED from src\main\AndroidManifest.xml:143:13-147:29
action#biz.bokhorst.xprivacy.action.USAGE
ADDED from src\main\AndroidManifest.xml:144:17-77
	android:name
		ADDED from src\main\AndroidManifest.xml:144:25-74
activity#biz.bokhorst.xprivacy.ActivityShare
ADDED from src\main\AndroidManifest.xml:149:9-166:20
	android:parentActivityName
		ADDED from src\main\AndroidManifest.xml:152:13-55
	android:configChanges
		ADDED from src\main\AndroidManifest.xml:151:13-74
	android:name
		ADDED from src\main\AndroidManifest.xml:150:13-42
intent-filter#android.intent.category.DEFAULT+biz.bokhorst.xprivacy.action.EXPORT+biz.bokhorst.xprivacy.action.FETCH+biz.bokhorst.xprivacy.action.IMPORT+biz.bokhorst.xprivacy.action.SUBMIT+biz.bokhorst.xprivacy.action.TOGGLE
ADDED from src\main\AndroidManifest.xml:157:13-165:29
action#biz.bokhorst.xprivacy.action.IMPORT
ADDED from src\main\AndroidManifest.xml:158:17-78
	android:name
		ADDED from src\main\AndroidManifest.xml:158:25-75
action#biz.bokhorst.xprivacy.action.EXPORT
ADDED from src\main\AndroidManifest.xml:159:17-78
	android:name
		ADDED from src\main\AndroidManifest.xml:159:25-75
action#biz.bokhorst.xprivacy.action.FETCH
ADDED from src\main\AndroidManifest.xml:160:17-77
	android:name
		ADDED from src\main\AndroidManifest.xml:160:25-74
action#biz.bokhorst.xprivacy.action.SUBMIT
ADDED from src\main\AndroidManifest.xml:161:17-78
	android:name
		ADDED from src\main\AndroidManifest.xml:161:25-75
action#biz.bokhorst.xprivacy.action.TOGGLE
ADDED from src\main\AndroidManifest.xml:162:17-78
	android:name
		ADDED from src\main\AndroidManifest.xml:162:25-75
receiver#biz.bokhorst.xprivacy.PackageChange
ADDED from src\main\AndroidManifest.xml:168:9-176:20
	android:name
		ADDED from src\main\AndroidManifest.xml:168:19-48
intent-filter#android.intent.action.PACKAGE_ADDED+android.intent.action.PACKAGE_REMOVED+android.intent.action.PACKAGE_REPLACED
ADDED from src\main\AndroidManifest.xml:169:13-175:29
action#android.intent.action.PACKAGE_ADDED
ADDED from src\main\AndroidManifest.xml:170:17-78
	android:name
		ADDED from src\main\AndroidManifest.xml:170:25-75
action#android.intent.action.PACKAGE_REPLACED
ADDED from src\main\AndroidManifest.xml:171:17-81
	android:name
		ADDED from src\main\AndroidManifest.xml:171:25-78
action#android.intent.action.PACKAGE_REMOVED
ADDED from src\main\AndroidManifest.xml:172:17-80
	android:name
		ADDED from src\main\AndroidManifest.xml:172:25-77
receiver#biz.bokhorst.xprivacy.BootReceiver
ADDED from src\main\AndroidManifest.xml:177:9-181:20
	android:name
		ADDED from src\main\AndroidManifest.xml:177:19-47
intent-filter#android.intent.action.BOOT_COMPLETED
ADDED from src\main\AndroidManifest.xml:178:13-180:29
action#android.intent.action.BOOT_COMPLETED
ADDED from src\main\AndroidManifest.xml:179:17-79
	android:name
		ADDED from src\main\AndroidManifest.xml:179:25-76
receiver#biz.bokhorst.xprivacy.DeviceAdministratorReceiver
ADDED from src\main\AndroidManifest.xml:182:9-194:20
	android:permission
		ADDED from src\main\AndroidManifest.xml:184:13-70
	android:name
		ADDED from src\main\AndroidManifest.xml:183:13-56
meta-data#android.app.device_admin
ADDED from src\main\AndroidManifest.xml:185:13-187:56
	android:resource
		ADDED from src\main\AndroidManifest.xml:187:17-53
	android:name
		ADDED from src\main\AndroidManifest.xml:186:17-56
intent-filter#android.app.action.ACTION_DEVICE_ADMIN_DISABLED+android.app.action.ACTION_DEVICE_ADMIN_DISABLE_REQUESTED+android.app.action.DEVICE_ADMIN_ENABLED
ADDED from src\main\AndroidManifest.xml:189:13-193:29
action#android.app.action.DEVICE_ADMIN_ENABLED
ADDED from src\main\AndroidManifest.xml:190:17-82
	android:name
		ADDED from src\main\AndroidManifest.xml:190:25-79
action#android.app.action.ACTION_DEVICE_ADMIN_DISABLE_REQUESTED
ADDED from src\main\AndroidManifest.xml:191:17-99
	android:name
		ADDED from src\main\AndroidManifest.xml:191:25-96
action#android.app.action.ACTION_DEVICE_ADMIN_DISABLED
ADDED from src\main\AndroidManifest.xml:192:17-90
	android:name
		ADDED from src\main\AndroidManifest.xml:192:25-87
service#biz.bokhorst.xprivacy.UpdateService
ADDED from src\main\AndroidManifest.xml:196:9-206:19
	android:enabled
		ADDED from src\main\AndroidManifest.xml:198:13-35
	android:process
		ADDED from src\main\AndroidManifest.xml:201:13-38
	android:exported
		ADDED from src\main\AndroidManifest.xml:199:13-36
	android:permission
		ADDED from src\main\AndroidManifest.xml:200:13-71
	android:name
		ADDED from src\main\AndroidManifest.xml:197:13-42
intent-filter#biz.bokhorst.xprivacy.action.FLUSH+biz.bokhorst.xprivacy.action.UPDATE
ADDED from src\main\AndroidManifest.xml:202:13-205:29
action#biz.bokhorst.xprivacy.action.FLUSH
ADDED from src\main\AndroidManifest.xml:203:17-77
	android:name
		ADDED from src\main\AndroidManifest.xml:203:25-74
action#biz.bokhorst.xprivacy.action.UPDATE
ADDED from src\main\AndroidManifest.xml:204:17-78
	android:name
		ADDED from src\main\AndroidManifest.xml:204:25-75
meta-data#android.support.VERSION
ADDED from [com.android.support:cardview-v7:26.0.0-alpha1] AndroidManifest.xml:22:5-24:41
	android:value
		ADDED from [com.android.support:cardview-v7:26.0.0-alpha1] AndroidManifest.xml:24:9-38
	android:name
		ADDED from [com.android.support:cardview-v7:26.0.0-alpha1] AndroidManifest.xml:23:9-47